#
# There is insufficient memory for the Java Runtime Environment to continue.
# Native memory allocation (malloc) failed to allocate 1579216 bytes for Chunk::new
# Possible reasons:
#   The system is out of physical RAM or swap space
#   In 32 bit mode, the process size limit was hit
# Possible solutions:
#   Reduce memory load on the system
#   Increase physical memory or swap space
#   Check if swap backing store is full
#   Use 64 bit Java on a 64 bit OS
#   Decrease Java heap size (-Xmx/-Xms)
#   Decrease number of Java threads
#   Decrease Java thread stack sizes (-Xss)
#   Set larger code cache with -XX:ReservedCodeCacheSize=
# This output file may be truncated or incomplete.
#
#  Out of Memory Error (allocation.cpp:390), pid=14196, tid=0x00000000000035e4
#
# JRE version: OpenJDK Runtime Environment (8.0_152-b01) (build 1.8.0_152-release-915-b01)
# Java VM: OpenJDK 64-Bit Server VM (25.152-b01 mixed mode windows-amd64 compressed oops)
# Failed to write core dump. Minidumps are not enabled by default on client versions of Windows
#

---------------  T H R E A D  ---------------

Current thread (0x0000000058140000):  JavaThread "C2 CompilerThread1" daemon [_thread_in_native, id=13796, stack(0x00000000588b0000,0x00000000589b0000)]

Stack: [0x00000000588b0000,0x00000000589b0000]
[error occurred during error reporting (printing stack bounds), id 0xc0000005]

Native frames: (J=compiled Java code, j=interpreted, Vv=VM code, C=native code)


Current CompileTask:
C2:  19067 7483       4       java.io.ObjectOutputStream::writeClassDesc (60 bytes)


---------------  P R O C E S S  ---------------

Java Threads: ( => current thread )
  0x0000000059f82800 JavaThread "Memory manager" [_thread_blocked, id=14472, stack(0x0000000061a80000,0x0000000061b80000)]
  0x0000000059f82000 JavaThread "build operations Thread 4" [_thread_blocked, id=14468, stack(0x0000000061380000,0x0000000061480000)]
  0x0000000059f81000 JavaThread "build operations Thread 3" [_thread_in_Java, id=14464, stack(0x0000000061180000,0x0000000061280000)]
  0x0000000059f80800 JavaThread "build operations Thread 2" [_thread_blocked, id=14460, stack(0x000000005f1d0000,0x000000005f2d0000)]
  0x0000000059f7f800 JavaThread "build operations" [_thread_blocked, id=14456, stack(0x0000000060ea0000,0x0000000060fa0000)]
  0x0000000059f7d800 JavaThread "Cache worker for Artifact transforms cache (C:\Users\Administrator\.gradle\caches\transforms-1)" [_thread_blocked, id=14452, stack(0x0000000060550000,0x0000000060650000)]
  0x000000005a76e800 JavaThread "Cache worker for file hash cache (C:\Users\Administrator\Documents\AndroidStudy\AndroidStudyForAcademyStudents\DroppingWordGame\.gradle\4.1\fileHashes)" [_thread_blocked, id=14104, stack(0x000000005cc40000,0x000000005cd40000)]
  0x0000000059f04800 JavaThread "File lock request listener" [_thread_in_native, id=13212, stack(0x000000005bb70000,0x000000005bc70000)]
  0x0000000059f5b000 JavaThread "Cache worker for file hash cache (C:\Users\Administrator\.gradle\caches\4.1\fileHashes)" [_thread_blocked, id=13856, stack(0x000000005b9f0000,0x000000005baf0000)]
  0x0000000059e64800 JavaThread "Stdin handler" [_thread_blocked, id=12952, stack(0x000000005b6a0000,0x000000005b7a0000)]
  0x0000000059e62000 JavaThread "Asynchronous log dispatcher for DefaultDaemonConnection: socket connection from /127.0.0.1:58146 to /127.0.0.1:58147" [_thread_blocked, id=12696, stack(0x000000005b580000,0x000000005b680000)]
  0x0000000059e74000 JavaThread "Daemon worker" [_thread_blocked, id=12984, stack(0x000000005b3e0000,0x000000005b4e0000)]
  0x0000000059e77000 JavaThread "Cancel handler" [_thread_blocked, id=12568, stack(0x000000005b220000,0x000000005b320000)]
  0x0000000059e47000 JavaThread "Handler for socket connection from /127.0.0.1:58146 to /127.0.0.1:58147" [_thread_in_native, id=5400, stack(0x000000005aca0000,0x000000005ada0000)]
  0x0000000059e43800 JavaThread "Daemon" [_thread_blocked, id=3320, stack(0x000000005ae30000,0x000000005af30000)]
  0x0000000059e20000 JavaThread "Daemon periodic checks" [_thread_blocked, id=12604, stack(0x00000000595e0000,0x00000000596e0000)]
  0x0000000059e08000 JavaThread "Incoming local TCP Connector on port 58146" [_thread_in_native, id=10648, stack(0x000000005ab60000,0x000000005ac60000)]
  0x00000000581c8000 JavaThread "Service Thread" daemon [_thread_blocked, id=13700, stack(0x0000000058b60000,0x0000000058c60000)]
  0x0000000058152800 JavaThread "C1 CompilerThread2" daemon [_thread_blocked, id=12960, stack(0x00000000589c0000,0x0000000058ac0000)]
=>0x0000000058140000 JavaThread "C2 CompilerThread1" daemon [_thread_in_native, id=13796, stack(0x00000000588b0000,0x00000000589b0000)]
  0x000000005813e000 JavaThread "C2 CompilerThread0" daemon [_thread_in_native, id=12916, stack(0x0000000057f10000,0x0000000058010000)]
  0x000000000748c000 JavaThread "Attach Listener" daemon [_thread_blocked, id=13916, stack(0x00000000587a0000,0x00000000588a0000)]
  0x000000005812a800 JavaThread "Signal Dispatcher" daemon [_thread_blocked, id=13768, stack(0x0000000058600000,0x0000000058700000)]
  0x0000000007469000 JavaThread "Finalizer" daemon [_thread_blocked, id=13820, stack(0x0000000058020000,0x0000000058120000)]
  0x0000000007422000 JavaThread "Reference Handler" daemon [_thread_blocked, id=8476, stack(0x0000000057e00000,0x0000000057f00000)]
  0x00000000024b8000 JavaThread "main" [_thread_blocked, id=13480, stack(0x0000000002750000,0x0000000002850000)]

Other Threads:
  0x000000000741a800 VMThread [stack: 0x0000000057c80000,0x0000000057d80000] [id=12732]
  0x00000000581c9000 WatcherThread [stack: 0x0000000058ce0000,0x0000000058de0000] [id=13728]

VM state:not at safepoint (normal execution)

VM Mutex/Monitor currently owned by a thread: None

Heap:
 PSYoungGen      total 181248K, used 82143K [0x00000000e0000000, 0x00000000ecf80000, 0x0000000100000000)
  eden space 167424K, 40% used [0x00000000e0000000,0x00000000e42b7c58,0x00000000ea380000)
  from space 13824K, 100% used [0x00000000eb580000,0x00000000ec300000,0x00000000ec300000)
  to   space 18432K, 0% used [0x00000000ea380000,0x00000000ea380000,0x00000000eb580000)
 ParOldGen       total 88064K, used 29505K [0x00000000a0000000, 0x00000000a5600000, 0x00000000e0000000)
  object space 88064K, 33% used [0x00000000a0000000,0x00000000a1cd0740,0x00000000a5600000)
 Metaspace       used 55646K, capacity 57854K, committed 58112K, reserved 1099776K
  class space    used 7611K, capacity 8180K, committed 8192K, reserved 1048576K

Card table byte_map: [0x0000000002c10000,0x0000000002f20000] byte_map_base: 0x0000000002710000

Marking Bits: (ParMarkBitMap*) 0x0000000008553950
 Begin Bits: [0x0000000003790000, 0x0000000004f90000)
 End Bits:   [0x0000000004f90000, 0x0000000006790000)

Polling page: 0x0000000000230000

CodeCache: size=245760Kb used=22939Kb max_used=23005Kb free=222820Kb
 bounds [0x00000000085d0000, 0x0000000009c80000, 0x00000000175d0000]
 total_blobs=7522 nmethods=6761 adapters=673
 compilation: enabled

Compilation events (10 events):
Event: 19.052 Thread 0x0000000058152800 7609       1       org.gradle.internal.operations.DefaultBuildOperationQueue::access$200 (5 bytes)
Event: 19.052 Thread 0x0000000058152800 nmethod 7609 0x00000000094450d0 code [0x0000000009445220, 0x0000000009445310]
Event: 19.053 Thread 0x0000000058152800 7610       3       org.gradle.internal.logging.serializer.ProgressStartEventSerializer::write (10 bytes)
Event: 19.054 Thread 0x0000000058152800 nmethod 7610 0x0000000009444c10 code [0x0000000009444d80, 0x0000000009445008]
Event: 19.054 Thread 0x0000000058152800 7611       3       org.gradle.internal.logging.serializer.ProgressStartEventSerializer::write (301 bytes)
Event: 19.055 Thread 0x0000000058152800 nmethod 7611 0x0000000008c82bd0 code [0x0000000008c82f00, 0x0000000008c84ae8]
Event: 19.055 Thread 0x0000000058152800 7612       3       org.gradle.internal.logging.serializer.ProgressCompleteEventSerializer::write (10 bytes)
Event: 19.055 Thread 0x0000000058152800 nmethod 7612 0x0000000008c82150 code [0x0000000008c82300, 0x0000000008c82948]
Event: 19.055 Thread 0x0000000058152800 7613       3       org.gradle.internal.logging.serializer.ProgressCompleteEventSerializer::write (34 bytes)
Event: 19.055 Thread 0x0000000058152800 nmethod 7613 0x0000000008c818d0 code [0x0000000008c81a80, 0x0000000008c81f68]

GC Heap History (10 events):
Event: 13.584 GC heap before
{Heap before GC invocations=10 (full 1):
 PSYoungGen      total 101888K, used 33004K [0x00000000e0000000, 0x00000000e7280000, 0x0000000100000000)
  eden space 90112K, 28% used [0x00000000e0000000,0x00000000e1924448,0x00000000e5800000)
  from space 11776K, 61% used [0x00000000e6300000,0x00000000e6a16e80,0x00000000e6e80000)
  to   space 11264K, 0% used [0x00000000e5800000,0x00000000e5800000,0x00000000e6300000)
 ParOldGen       total 65536K, used 9191K [0x00000000a0000000, 0x00000000a4000000, 0x00000000e0000000)
  object space 65536K, 14% used [0x00000000a0000000,0x00000000a08f9f90,0x00000000a4000000)
 Metaspace       used 34493K, capacity 35300K, committed 35416K, reserved 1079296K
  class space    used 4709K, capacity 5038K, committed 5120K, reserved 1048576K
Event: 13.592 GC heap after
Heap after GC invocations=10 (full 1):
 PSYoungGen      total 101376K, used 7231K [0x00000000e0000000, 0x00000000e9480000, 0x0000000100000000)
  eden space 90112K, 0% used [0x00000000e0000000,0x00000000e0000000,0x00000000e5800000)
  from space 11264K, 64% used [0x00000000e5800000,0x00000000e5f0fcd0,0x00000000e6300000)
  to   space 11264K, 0% used [0x00000000e8980000,0x00000000e8980000,0x00000000e9480000)
 ParOldGen       total 65536K, used 12215K [0x00000000a0000000, 0x00000000a4000000, 0x00000000e0000000)
  object space 65536K, 18% used [0x00000000a0000000,0x00000000a0bedcd8,0x00000000a4000000)
 Metaspace       used 34493K, capacity 35300K, committed 35416K, reserved 1079296K
  class space    used 4709K, capacity 5038K, committed 5120K, reserved 1048576K
}
Event: 13.592 GC heap before
{Heap before GC invocations=11 (full 2):
 PSYoungGen      total 101376K, used 7231K [0x00000000e0000000, 0x00000000e9480000, 0x0000000100000000)
  eden space 90112K, 0% used [0x00000000e0000000,0x00000000e0000000,0x00000000e5800000)
  from space 11264K, 64% used [0x00000000e5800000,0x00000000e5f0fcd0,0x00000000e6300000)
  to   space 11264K, 0% used [0x00000000e8980000,0x00000000e8980000,0x00000000e9480000)
 ParOldGen       total 65536K, used 12215K [0x00000000a0000000, 0x00000000a4000000, 0x00000000e0000000)
  object space 65536K, 18% used [0x00000000a0000000,0x00000000a0bedcd8,0x00000000a4000000)
 Metaspace       used 34493K, capacity 35300K, committed 35416K, reserved 1079296K
  class space    used 4709K, capacity 5038K, committed 5120K, reserved 1048576K
Event: 13.652 GC heap after
Heap after GC invocations=11 (full 2):
 PSYoungGen      total 101376K, used 0K [0x00000000e0000000, 0x00000000e9480000, 0x0000000100000000)
  eden space 90112K, 0% used [0x00000000e0000000,0x00000000e0000000,0x00000000e5800000)
  from space 11264K, 0% used [0x00000000e5800000,0x00000000e5800000,0x00000000e6300000)
  to   space 11264K, 0% used [0x00000000e8980000,0x00000000e8980000,0x00000000e9480000)
 ParOldGen       total 88064K, used 16433K [0x00000000a0000000, 0x00000000a5600000, 0x00000000e0000000)
  object space 88064K, 18% used [0x00000000a0000000,0x00000000a100c738,0x00000000a5600000)
 Metaspace       used 34493K, capacity 35300K, committed 35416K, reserved 1079296K
  class space    used 4709K, capacity 5038K, committed 5120K, reserved 1048576K
}
Event: 14.805 GC heap before
{Heap before GC invocations=12 (full 2):
 PSYoungGen      total 101376K, used 90112K [0x00000000e0000000, 0x00000000e9480000, 0x0000000100000000)
  eden space 90112K, 100% used [0x00000000e0000000,0x00000000e5800000,0x00000000e5800000)
  from space 11264K, 0% used [0x00000000e5800000,0x00000000e5800000,0x00000000e6300000)
  to   space 11264K, 0% used [0x00000000e8980000,0x00000000e8980000,0x00000000e9480000)
 ParOldGen       total 88064K, used 16433K [0x00000000a0000000, 0x00000000a5600000, 0x00000000e0000000)
  object space 88064K, 18% used [0x00000000a0000000,0x00000000a100c738,0x00000000a5600000)
 Metaspace       used 41378K, capacity 42244K, committed 42496K, reserved 1085440K
  class space    used 5529K, capacity 5869K, committed 5888K, reserved 1048576K
Event: 14.816 GC heap after
Heap after GC invocations=12 (full 2):
 PSYoungGen      total 136704K, used 11251K [0x00000000e0000000, 0x00000000e9480000, 0x0000000100000000)
  eden space 125440K, 0% used [0x00000000e0000000,0x00000000e0000000,0x00000000e7a80000)
  from space 11264K, 99% used [0x00000000e8980000,0x00000000e947cc78,0x00000000e9480000)
  to   space 12288K, 0% used [0x00000000e7c80000,0x00000000e7c80000,0x00000000e8880000)
 ParOldGen       total 88064K, used 16757K [0x00000000a0000000, 0x00000000a5600000, 0x00000000e0000000)
  object space 88064K, 19% used [0x00000000a0000000,0x00000000a105d410,0x00000000a5600000)
 Metaspace       used 41378K, capacity 42244K, committed 42496K, reserved 1085440K
  class space    used 5529K, capacity 5869K, committed 5888K, reserved 1048576K
}
Event: 16.641 GC heap before
{Heap before GC invocations=13 (full 2):
 PSYoungGen      total 136704K, used 136691K [0x00000000e0000000, 0x00000000e9480000, 0x0000000100000000)
  eden space 125440K, 100% used [0x00000000e0000000,0x00000000e7a80000,0x00000000e7a80000)
  from space 11264K, 99% used [0x00000000e8980000,0x00000000e947cc78,0x00000000e9480000)
  to   space 12288K, 0% used [0x00000000e7c80000,0x00000000e7c80000,0x00000000e8880000)
 ParOldGen       total 88064K, used 16757K [0x00000000a0000000, 0x00000000a5600000, 0x00000000e0000000)
  object space 88064K, 19% used [0x00000000a0000000,0x00000000a105d410,0x00000000a5600000)
 Metaspace       used 50892K, capacity 52486K, committed 52736K, reserved 1095680K
  class space    used 6886K, capacity 7339K, committed 7424K, reserved 1048576K
Event: 16.661 GC heap after
Heap after GC invocations=13 (full 2):
 PSYoungGen      total 139776K, used 11974K [0x00000000e0000000, 0x00000000ec300000, 0x0000000100000000)
  eden space 127488K, 0% used [0x00000000e0000000,0x00000000e0000000,0x00000000e7c80000)
  from space 12288K, 97% used [0x00000000e7c80000,0x00000000e8831948,0x00000000e8880000)
  to   space 13824K, 0% used [0x00000000eb580000,0x00000000eb580000,0x00000000ec300000)
 ParOldGen       total 88064K, used 22033K [0x00000000a0000000, 0x00000000a5600000, 0x00000000e0000000)
  object space 88064K, 25% used [0x00000000a0000000,0x00000000a1584548,0x00000000a5600000)
 Metaspace       used 50892K, capacity 52486K, committed 52736K, reserved 1095680K
  class space    used 6886K, capacity 7339K, committed 7424K, reserved 1048576K
}
Event: 17.701 GC heap before
{Heap before GC invocations=14 (full 2):
 PSYoungGen      total 139776K, used 139462K [0x00000000e0000000, 0x00000000ec300000, 0x0000000100000000)
  eden space 127488K, 100% used [0x00000000e0000000,0x00000000e7c80000,0x00000000e7c80000)
  from space 12288K, 97% used [0x00000000e7c80000,0x00000000e8831948,0x00000000e8880000)
  to   space 13824K, 0% used [0x00000000eb580000,0x00000000eb580000,0x00000000ec300000)
 ParOldGen       total 88064K, used 22033K [0x00000000a0000000, 0x00000000a5600000, 0x00000000e0000000)
  object space 88064K, 25% used [0x00000000a0000000,0x00000000a1584548,0x00000000a5600000)
 Metaspace       used 54276K, capacity 56448K, committed 56704K, reserved 1097728K
  class space    used 7447K, capacity 7968K, committed 8064K, reserved 1048576K
Event: 17.724 GC heap after
Heap after GC invocations=14 (full 2):
 PSYoungGen      total 181248K, used 13824K [0x00000000e0000000, 0x00000000ecf80000, 0x0000000100000000)
  eden space 167424K, 0% used [0x00000000e0000000,0x00000000e0000000,0x00000000ea380000)
  from space 13824K, 100% used [0x00000000eb580000,0x00000000ec300000,0x00000000ec300000)
  to   space 18432K, 0% used [0x00000000ea380000,0x00000000ea380000,0x00000000eb580000)
 ParOldGen       total 88064K, used 29505K [0x00000000a0000000, 0x00000000a5600000, 0x00000000e0000000)
  object space 88064K, 33% used [0x00000000a0000000,0x00000000a1cd0740,0x00000000a5600000)
 Metaspace       used 54276K, capacity 56448K, committed 56704K, reserved 1097728K
  class space    used 7447K, capacity 7968K, committed 8064K, reserved 1048576K
}

Deoptimization events (10 events):
Event: 18.102 Thread 0x0000000059e74000 Uncommon trap: reason=class_check action=maybe_recompile pc=0x00000000094134a8 method=com.google.common.collect.AbstractMapBasedMultimap$WrappedCollection.refreshIfEmpty()V @ 59
Event: 18.164 Thread 0x0000000059f80800 Uncommon trap: reason=unstable_if action=reinterpret pc=0x0000000008c86d20 method=com.esotericsoftware.kryo.io.Output.writeString(Ljava/lang/CharSequence;)V @ 1
Event: 18.236 Thread 0x0000000059f81000 Uncommon trap: reason=unstable_if action=reinterpret pc=0x0000000008e4bb88 method=java.lang.String.regionMatches(ZILjava/lang/String;II)Z @ 102
Event: 18.250 Thread 0x0000000059f7f800 Uncommon trap: reason=unstable_if action=reinterpret pc=0x0000000008d8f5dc method=java.util.concurrent.ConcurrentHashMap.putVal(Ljava/lang/Object;Ljava/lang/Object;Z)Ljava/lang/Object; @ 113
Event: 18.254 Thread 0x0000000059f7f800 Uncommon trap: reason=unstable_if action=reinterpret pc=0x0000000008bf6904 method=java.util.concurrent.ConcurrentHashMap.addCount(JI)V @ 168
Event: 18.588 Thread 0x0000000059e74000 Uncommon trap: reason=bimorphic action=maybe_recompile pc=0x00000000086e2dc8 method=com.google.common.collect.Iterators$5.hasNext()Z @ 24
Event: 18.588 Thread 0x0000000059e74000 Uncommon trap: reason=bimorphic action=maybe_recompile pc=0x00000000086e2dc8 method=com.google.common.collect.Iterators$5.hasNext()Z @ 24
Event: 18.718 Thread 0x0000000059f82000 Uncommon trap: reason=unstable_if action=reinterpret pc=0x00000000093bbe4c method=java.util.LinkedHashMap.afterNodeInsertion(Z)V @ 18
Event: 18.808 Thread 0x0000000059e74000 Uncommon trap: reason=bimorphic action=maybe_recompile pc=0x00000000086e2dc8 method=com.google.common.collect.Iterators$5.hasNext()Z @ 24
Event: 18.808 Thread 0x0000000059e74000 Uncommon trap: reason=bimorphic action=maybe_recompile pc=0x00000000086e2dc8 method=com.google.common.collect.Iterators$5.hasNext()Z @ 24

Classes redefined (0 events):
No events

Internal exceptions (10 events):
Event: 17.882 Thread 0x0000000059e74000 Exception <a 'java/lang/ClassNotFoundException': org/jetbrains/plugins/gradle/model/DefaultExternalPluginBeanInfo> (0x00000000e205a8a8) thrown at [D:\src\AOSP-openjdk-cygwin\jdk8u\hotspot\src\share\vm\classfile\systemDictionary.cpp, line 210]
Event: 17.882 Thread 0x0000000059e74000 Exception <a 'java/lang/ClassNotFoundException': org/jetbrains/plugins/gradle/model/DefaultExternalPluginCustomizer> (0x00000000e2069b80) thrown at [D:\src\AOSP-openjdk-cygwin\jdk8u\hotspot\src\share\vm\classfile\systemDictionary.cpp, line 210]
Event: 17.885 Thread 0x0000000059e74000 Exception <a 'java/lang/ClassNotFoundException': org/gradle/api/internal/artifacts/DefaultPublishArtifactSetBeanInfo> (0x00000000e20bec60) thrown at [D:\src\AOSP-openjdk-cygwin\jdk8u\hotspot\src\share\vm\classfile\systemDictionary.cpp, line 210]
Event: 17.886 Thread 0x0000000059e74000 Exception <a 'java/lang/ClassNotFoundException': org/gradle/api/internal/artifacts/DefaultPublishArtifactSetCustomizer> (0x00000000e20e4750) thrown at [D:\src\AOSP-openjdk-cygwin\jdk8u\hotspot\src\share\vm\classfile\systemDictionary.cpp, line 210]
Event: 17.888 Thread 0x0000000059e74000 Exception <a 'java/lang/ClassNotFoundException': org/gradle/api/internal/file/DefaultFileCollectionFactory$1BeanInfo> (0x00000000e211db98) thrown at [D:\src\AOSP-openjdk-cygwin\jdk8u\hotspot\src\share\vm\classfile\systemDictionary.cpp, line 210]
Event: 17.888 Thread 0x0000000059e74000 Exception <a 'java/lang/ClassNotFoundException': org/gradle/api/internal/file/collections/FileCollectionAdapterBeanInfo> (0x00000000e2132a60) thrown at [D:\src\AOSP-openjdk-cygwin\jdk8u\hotspot\src\share\vm\classfile\systemDictionary.cpp, line 210]
Event: 17.888 Thread 0x0000000059e74000 Exception <a 'java/lang/ClassNotFoundException': org/gradle/api/internal/file/collections/FileCollectionAdapterCustomizer> (0x00000000e21480a0) thrown at [D:\src\AOSP-openjdk-cygwin\jdk8u\hotspot\src\share\vm\classfile\systemDictionary.cpp, line 210]
Event: 17.889 Thread 0x0000000059e74000 Exception <a 'java/lang/ClassNotFoundException': org/gradle/api/internal/file/DefaultFileCollectionFactory$1Customizer> (0x00000000e2165f60) thrown at [D:\src\AOSP-openjdk-cygwin\jdk8u\hotspot\src\share\vm\classfile\systemDictionary.cpp, line 210]
Event: 18.164 Thread 0x0000000059f80800 Implicit null exception at 0x0000000008c869e0 to 0x0000000008c86d0d
Event: 18.806 Thread 0x0000000059e74000 Exception <a 'java/lang/NoSuchMethodError': java.lang.Object.lambda$negate$1(Ljava/lang/Object;)Z> (0x00000000e3e97fa0) thrown at [D:\src\AOSP-openjdk-cygwin\jdk8u\hotspot\src\share\vm\interpreter\linkResolver.cpp, line 584]

Events (10 events):
Event: 18.941 Thread 0x0000000059e74000 DEOPT PACKING pc=0x00000000087df4b0 sp=0x000000005b4daae0
Event: 18.941 Thread 0x0000000059e74000 DEOPT UNPACKING pc=0x00000000086175bf sp=0x000000005b4da930 mode 0
Event: 18.959 loading class org/gradle/workers/internal/WorkerDaemonExpiration$SimpleMemoryExpirationSelector
Event: 18.959 loading class org/gradle/workers/internal/WorkerDaemonExpiration$SimpleMemoryExpirationSelector done
Event: 18.959 loading class org/gradle/workers/internal/WorkerDaemonClientsManager$1
Event: 18.959 loading class org/gradle/workers/internal/WorkerDaemonClientsManager$1 done
Event: 18.960 loading class org/gradle/process/internal/health/memory/JvmMemoryStatusSnapshot
Event: 18.960 loading class org/gradle/process/internal/health/memory/JvmMemoryStatusSnapshot done
Event: 18.966 Executing VM operation: ForceSafepoint
Event: 18.966 Executing VM operation: ForceSafepoint done


Dynamic libraries:
0x000000013f250000 - 0x000000013f281000 	C:\Program Files\Android\Android Studio\jre\bin\java.exe
0x0000000077640000 - 0x00000000777ea000 	C:\Windows\SYSTEM32\ntdll.dll
0x0000000077520000 - 0x000000007763f000 	C:\Windows\system32\kernel32.dll
0x000007fefd590000 - 0x000007fefd5fa000 	C:\Windows\system32\KERNELBASE.dll
0x000007fefda50000 - 0x000007fefdb2b000 	C:\Windows\system32\ADVAPI32.dll
0x000007feff850000 - 0x000007feff8ef000 	C:\Windows\system32\msvcrt.dll
0x000007fefd900000 - 0x000007fefd91f000 	C:\Windows\SYSTEM32\sechost.dll
0x000007feff480000 - 0x000007feff5ad000 	C:\Windows\system32\RPCRT4.dll
0x0000000077420000 - 0x000000007751a000 	C:\Windows\system32\USER32.dll
0x000007feff6a0000 - 0x000007feff707000 	C:\Windows\system32\GDI32.dll
0x000007fefd920000 - 0x000007fefd92e000 	C:\Windows\system32\LPK.dll
0x000007fefdb40000 - 0x000007fefdc0a000 	C:\Windows\system32\USP10.dll
0x000007fefbea0000 - 0x000007fefc094000 	C:\Windows\WinSxS\amd64_microsoft.windows.common-controls_6595b64144ccf1df_6.0.7601.18837_none_fa3b1e3d17594757\COMCTL32.dll
0x000007feff600000 - 0x000007feff671000 	C:\Windows\system32\SHLWAPI.dll
0x000007feff820000 - 0x000007feff84e000 	C:\Windows\system32\IMM32.DLL
0x000007feff710000 - 0x000007feff819000 	C:\Windows\system32\MSCTF.dll
0x0000000078c20000 - 0x0000000078cf2000 	C:\Program Files\Android\Android Studio\jre\jre\bin\msvcr100.dll
0x0000000007d90000 - 0x00000000085ce000 	C:\Program Files\Android\Android Studio\jre\jre\bin\server\jvm.dll
0x000007fef1470000 - 0x000007fef1479000 	C:\Windows\system32\WSOCK32.dll
0x000007feff5b0000 - 0x000007feff5fd000 	C:\Windows\system32\WS2_32.dll
0x000007fefdb30000 - 0x000007fefdb38000 	C:\Windows\system32\NSI.dll
0x000007fefa760000 - 0x000007fefa79b000 	C:\Windows\system32\WINMM.dll
0x000007fefc530000 - 0x000007fefc53c000 	C:\Windows\system32\VERSION.dll
0x0000000077810000 - 0x0000000077817000 	C:\Windows\system32\PSAPI.DLL
0x000007fefb120000 - 0x000007fefb12f000 	C:\Program Files\Android\Android Studio\jre\jre\bin\verify.dll
0x000007fefa8b0000 - 0x000007fefa8d9000 	C:\Program Files\Android\Android Studio\jre\jre\bin\java.dll
0x000007fefa890000 - 0x000007fefa8a6000 	C:\Program Files\Android\Android Studio\jre\jre\bin\zip.dll
0x000007fefe6f0000 - 0x000007feff479000 	C:\Windows\system32\SHELL32.dll
0x000007fefdef0000 - 0x000007fefe0f3000 	C:\Windows\system32\ole32.dll
0x000007fefd3f0000 - 0x000007fefd3ff000 	C:\Windows\system32\profapi.dll
0x000007fef2530000 - 0x000007fef254a000 	C:\Program Files\Android\Android Studio\jre\jre\bin\net.dll
0x000007fefcc20000 - 0x000007fefcc75000 	C:\Windows\system32\mswsock.dll
0x000007fefcc10000 - 0x000007fefcc17000 	C:\Windows\System32\wship6.dll
0x000007fef2510000 - 0x000007fef2521000 	C:\Program Files\Android\Android Studio\jre\jre\bin\nio.dll
0x000007fecda50000 - 0x000007fecda6e000 	C:\Users\Administrator\.gradle\native\25\windows-amd64\native-platform.dll
0x000007fefb110000 - 0x000007fefb11d000 	C:\Program Files\Android\Android Studio\jre\jre\bin\management.dll
0x000007fefcc80000 - 0x000007fefcc98000 	C:\Windows\system32\CRYPTSP.dll
0x000007fefc980000 - 0x000007fefc9c7000 	C:\Windows\system32\rsaenh.dll
0x000007fefc740000 - 0x000007fefc75e000 	C:\Windows\system32\USERENV.dll
0x000007fefd320000 - 0x000007fefd32f000 	C:\Windows\system32\CRYPTBASE.dll
0x000007fefad40000 - 0x000007fefad67000 	C:\Windows\system32\IPHLPAPI.DLL
0x000007fefad30000 - 0x000007fefad3b000 	C:\Windows\system32\WINNSI.DLL
0x000007fefa620000 - 0x000007fefa631000 	C:\Windows\system32\dhcpcsvc6.DLL
0x000007fefa5a0000 - 0x000007fefa5b8000 	C:\Windows\system32\dhcpcsvc.DLL

VM Arguments:
jvm_args: -Xmx1536m -Dfile.encoding=UTF-8 -Duser.country=KR -Duser.language=ko -Duser.variant 
java_command: org.gradle.launcher.daemon.bootstrap.GradleDaemon 4.1
java_class_path (initial): C:\Users\Administrator\.gradle\wrapper\dists\gradle-4.1-all\bzyivzo6n839fup2jbap0tjew\gradle-4.1\lib\gradle-launcher-4.1.jar
Launcher Type: SUN_STANDARD

Environment Variables:
JAVA_HOME=C:\Program Files\Java\jdk1.8.0_131
PATH=C:\Program Files (x86)\Common Files\Intel\Shared Libraries\redist\intel64\compiler;C:\ProgramData\Oracle\Java\javapath;C:\Windows\system32;C:\Windows;C:\Windows\System32\Wbem;C:\Windows\System32\WindowsPowerShell\v1.0\;C:\Program Files\Common Files\Autodesk Shared\;C:\Program Files (x86)\Windows Kits\8.1\Windows Performance Toolkit\;C:\Program Files\SCMateClientPro\Shield;C:\Program Files (x86)\GtkSharp\2.12\bin;C:\Program Files (x86)\QuickTime\QTSystem\;C:\Program Files\Java\jdk1.8.0_131\bin;C:\Program Files\Git\cmd;C:\Users\Administrator\AppData\Local\GitHubDesktop\bin
USERNAME=Administrator
OS=Windows_NT
PROCESSOR_IDENTIFIER=Intel64 Family 6 Model 60 Stepping 3, GenuineIntel



---------------  S Y S T E M  ---------------

OS: Windows 7 , 64 bit Build 7601 (6.1.7601.23392)

CPU:total 4 (initial active 4) (4 cores per cpu, 1 threads per core) family 6 model 60 stepping 3, cmov, cx8, fxsr, mmx, sse, sse2, sse3, ssse3, sse4.1, sse4.2, popcnt, avx, avx2, aes, clmul, erms, lzcnt, tsc, tscinvbit, bmi1, bmi2

Memory: 4k page, physical 8326416k(70632k free), swap 10421712k(6040k free)

vm_info: OpenJDK 64-Bit Server VM (25.152-b01) for windows-amd64 JRE (1.8.0_152-release-915-b01), built by "builder" with MS VC++ 10.0 (VS2010)

time: Fri Mar 02 19:27:54 2018
elapsed time: 19 seconds (0d 0h 0m 19s)

