JvmtiExport can_access_local_variables 0
JvmtiExport can_hotswap_or_post_breakpoint 0
JvmtiExport can_post_on_exceptions 0
# 190 ciObject found
instanceKlass org/gradle/launcher/daemon/registry/DaemonInfo$1
instanceKlass org/gradle/internal/progress/DefaultBuildOperationExecutor$1
instanceKlass java/net/Inet6Address$1
instanceKlass org/gradle/internal/progress/BuildOperationDescriptor$1
instanceKlass org/gradle/internal/typeconversion/NotationConverterToNotationParserAdapter$1
instanceKlass java/util/concurrent/CopyOnWriteArrayList$1
instanceKlass org/gradle/model/internal/registry/RuleBindings$1
instanceKlass org/gradle/internal/component/external/model/AbstractModuleComponentResolveMetadata$1
instanceKlass com/google/common/base/Predicates$1
instanceKlass com/android/build/gradle/tasks/PreColdSwapTask$$Lambda$548
instanceKlass com/google/common/base/Stopwatch$1
instanceKlass com/android/dx/command/dexer/Main$ClassDefItemConsumer
instanceKlass com/android/dx/command/dexer/Main$ClassTranslatorTask
instanceKlass com/android/dx/command/dexer/Main$ClassParserTask
instanceKlass com/android/dx/command/dexer/Main$DirectClassFileConsumer
instanceKlass com/android/dx/cf/direct/ClassPathOpener$3
instanceKlass com/android/dx/command/dexer/Main$FileBytesConsumer
instanceKlass com/android/dx/cf/direct/ClassPathOpener$1
instanceKlass com/android/dx/cf/direct/ClassPathOpener
instanceKlass java/util/concurrent/ThreadPoolExecutor$CallerRunsPolicy
instanceKlass com/android/builder/internal/compiler/DexWrapper$DexProcessResult
instanceKlass com/android/dx/command/dexer/Main$Arguments$ArgumentsParser
instanceKlass com/android/builder/core/DexProcessBuilder$$Lambda$547
instanceKlass com/android/dx/command/dexer/Main$Arguments
instanceKlass com/android/builder/internal/compiler/DexWrapper
instanceKlass com/android/builder/core/DexByteCodeConverter$$Lambda$546
instanceKlass com/android/builder/utils/PerformanceUtils
instanceKlass com/android/ide/common/process/ProcessEnvBuilder
instanceKlass com/android/build/gradle/internal/transforms/InstantRunDex$JarClassesBuilder
instanceKlass com/android/build/gradle/internal/incremental/IncrementalChangeVisitor$1
instanceKlass com/android/build/gradle/internal/transforms/InstantRunTransform$$Lambda$545
instanceKlass com/google/common/hash/MessageDigestHashFunction$1
instanceKlass com/google/common/base/Equivalence$1
instanceKlass java/util/ArrayDeque$1
instanceKlass com/android/apksig/ApkVerifier$ByteArray
instanceKlass com/android/apksig/ApkVerifier$Result$V1SchemeSignerInfo
instanceKlass com/android/apksig/internal/apk/v1/V1SchemeVerifier$NamedDigest
instanceKlass com/android/apksig/internal/util/ByteBufferUtils
instanceKlass com/android/apksig/internal/asn1/Asn1BerParser$BerToJavaConverter
instanceKlass com/android/apksig/internal/asn1/Asn1BerParser$$Lambda$544
instanceKlass com/android/apksig/internal/asn1/Asn1BerParser$AnnotatedField
instanceKlass com/android/apksig/internal/asn1/Asn1BerParser$1
instanceKlass com/android/apksig/internal/asn1/ber/BerDataValue
instanceKlass com/android/apksig/internal/asn1/ber/ByteBufferBerDataValueReader
instanceKlass com/android/apksig/internal/asn1/ber/BerDataValueReader
instanceKlass com/android/apksig/internal/asn1/Asn1BerParser
instanceKlass com/android/apksig/internal/util/InclusiveIntRange
instanceKlass com/android/apksig/internal/apk/v1/V1SchemeVerifier$Signer
instanceKlass com/android/apksig/internal/apk/v1/V1SchemeVerifier$Result$SignerInfo
instanceKlass com/android/apksig/internal/jar/ManifestParser$Section
instanceKlass com/android/apksig/internal/jar/ManifestParser$Attribute
instanceKlass com/android/apksig/internal/jar/ManifestParser
instanceKlass com/android/apksig/internal/apk/v1/V1SchemeVerifier$Signers
instanceKlass com/android/apksig/internal/apk/v1/V1SchemeVerifier$Result
instanceKlass com/android/apksig/internal/apk/AndroidBinXmlParser$Attribute
instanceKlass com/android/apksig/internal/apk/AndroidBinXmlParser$ResourceMap
instanceKlass com/android/apksig/internal/apk/AndroidBinXmlParser$StringPool
instanceKlass com/android/apksig/internal/apk/AndroidBinXmlParser$Chunk
instanceKlass com/android/apksig/internal/apk/AndroidBinXmlParser
instanceKlass com/android/apksig/internal/zip/LocalFileRecord$InflateSinkAdapter
instanceKlass com/android/apksig/internal/util/ByteBufferSink
instanceKlass com/android/apksig/internal/zip/LocalFileRecord
instanceKlass com/android/apksig/ApkSigner
instanceKlass com/android/apksig/internal/zip/CentralDirectoryRecord$ByLocalFileHeaderOffsetComparator
instanceKlass com/android/apksig/internal/zip/CentralDirectoryRecord
instanceKlass com/android/apksig/internal/apk/v1/V1SchemeVerifier
instanceKlass com/android/apksig/ApkVerifier$Result$V2SchemeSignerInfo
instanceKlass com/android/apksig/internal/apk/v2/V2SchemeVerifier$Result$SignerInfo$ContentDigest
instanceKlass com/android/apksig/internal/apk/v2/V2SchemeVerifier$SupportedSignature
instanceKlass com/android/apksig/internal/apk/v2/V2SchemeVerifier$Result$SignerInfo$Signature
instanceKlass com/android/apksig/internal/apk/v2/V2SchemeVerifier$Result$SignerInfo
instanceKlass com/android/apksig/internal/apk/v2/V2SchemeVerifier$SignatureInfo
instanceKlass com/android/apksig/internal/apk/v2/V2SchemeVerifier$Result
instanceKlass com/android/apksig/internal/apk/v2/V2SchemeVerifier
instanceKlass com/android/apksig/ApkVerifier$Result
instanceKlass com/android/apksig/apk/ApkUtils$ZipSections
instanceKlass com/android/build/gradle/internal/transforms/InstantRunSliceSplitApkBuilder$1
instanceKlass com/android/build/gradle/internal/transforms/DexMergerTransform$$Lambda$543
instanceKlass com/android/build/gradle/internal/transforms/DexArchiveBuilderTransform$$Lambda$542
instanceKlass com/android/build/gradle/internal/transforms/InstantRunSlicer$1
instanceKlass com/android/build/gradle/internal/transforms/InstantRunTransform$$Lambda$541
instanceKlass com/android/build/gradle/internal/transforms/InstantRunTransform$1
instanceKlass com/android/build/gradle/internal/pipeline/TransformTask$3
instanceKlass com/android/build/api/transform/SecondaryInput
instanceKlass com/android/build/gradle/internal/incremental/InstantRunVerifier$2
instanceKlass com/android/build/gradle/internal/incremental/InstantRunVerifier$1
instanceKlass com/android/build/gradle/internal/incremental/InstantRunVerifier$$Lambda$540
instanceKlass com/android/build/gradle/internal/incremental/InstantRunVerifier$$Lambda$539
instanceKlass com/android/build/gradle/internal/incremental/InstantRunVerifier$$Lambda$538
instanceKlass com/android/build/gradle/internal/incremental/InstantRunVerifier$AnnotationNodeComparator
instanceKlass com/android/build/gradle/internal/incremental/InstantRunVerifier$MethodNodeComparator
instanceKlass com/android/build/gradle/internal/incremental/InstantRunVerifier$Comparator
instanceKlass com/android/build/gradle/internal/incremental/InstantRunVerifier
instanceKlass com/android/build/gradle/internal/transforms/InstantRunVerifierTransform$$Lambda$537
instanceKlass com/android/build/gradle/internal/incremental/InstantRunVerifier$ClassBytesFileProvider
instanceKlass com/android/build/gradle/internal/transforms/InstantRunVerifierTransform$1
instanceKlass com/android/build/gradle/internal/pipeline/TransformTask$$Lambda$536
instanceKlass com/android/build/gradle/internal/pipeline/OriginalStream$$Lambda$535
instanceKlass com/android/build/gradle/internal/pipeline/TransformTask$$Lambda$534
instanceKlass com/android/build/gradle/internal/pipeline/TransformTask$$Lambda$533
instanceKlass com/android/build/gradle/internal/pipeline/TransformTask$$Lambda$532
instanceKlass com/android/build/gradle/internal/pipeline/TransformTask$$Lambda$531
instanceKlass org/gradle/api/internal/file/delete/Deleter$1
instanceKlass org/gradle/api/internal/tasks/compile/incremental/RecompilationSpecProvider$InputChangeAction
instanceKlass org/gradle/api/internal/tasks/compile/incremental/ClassChangeProcessor
instanceKlass org/gradle/api/internal/tasks/compile/incremental/JavaChangeProcessor
instanceKlass org/gradle/api/internal/tasks/compile/incremental/RecompilationSpecProvider$1
instanceKlass org/gradle/internal/util/Alignment
instanceKlass org/gradle/api/internal/tasks/compile/incremental/jar/JarChangeDependentsFinder
instanceKlass org/gradle/api/internal/tasks/compile/incremental/jar/JarChangeProcessor
instanceKlass org/gradle/api/internal/tasks/compile/incremental/recomp/RecompilationSpec
instanceKlass org/gradle/api/internal/tasks/compile/incremental/SelectiveCompiler
instanceKlass org/gradle/api/internal/tasks/compile/incremental/deps/ClassSetAnalysis
instanceKlass org/gradle/api/internal/tasks/compile/incremental/jar/PreviousCompilation
instanceKlass com/android/builder/model/TestVariantBuildOutput
instanceKlass com/android/build/FilterData
instanceKlass com/android/build/OutputFile
instanceKlass com/android/build/VariantOutput
instanceKlass com/android/builder/model/VariantBuildOutput
instanceKlass com/android/builder/model/BaseBuildOutput
instanceKlass com/android/build/gradle/internal/ide/DefaultProjectBuildOutput
instanceKlass com/android/builder/model/VariantBuildOutput
instanceKlass com/android/build/gradle/internal/ide/BuildOutputsSupplier$$Lambda$530
instanceKlass com/android/build/gradle/internal/ide/BuildOutputsSupplier
instanceKlass com/android/build/gradle/internal/ide/ModelBuilder$$Lambda$529
instanceKlass com/android/build/gradle/internal/ide/ModelBuilder$1
instanceKlass com/android/build/gradle/internal/ide/ModelBuilder$$Lambda$528
instanceKlass com/android/build/gradle/internal/ide/DefaultBaseBuildOutput
instanceKlass com/android/builder/model/TestVariantBuildOutput
instanceKlass com/android/builder/model/BaseBuildOutput
instanceKlass com/android/builder/model/NativeAndroidProject
instanceKlass com/android/builder/model/level2/GlobalLibraryMap
instanceKlass com/android/builder/model/ProjectBuildOutput
instanceKlass com/android/tools/idea/gradle/run/OutputBuildAction$PostBuildModuleModels
instanceKlass com/google/common/collect/Iterators$2
instanceKlass com/google/common/collect/PeekingIterator
instanceKlass com/google/common/collect/UnmodifiableIterator
instanceKlass com/google/common/collect/Iterators
instanceKlass org/gradle/tooling/model/gradle/GradleScript
instanceKlass org/gradle/util/DistributionLocator
instanceKlass org/gradle/buildinit/tasks/internal/TaskConfiguration$3
instanceKlass org/gradle/api/internal/AbstractTask$5
instanceKlass org/gradle/buildinit/tasks/internal/TaskConfiguration$2
instanceKlass org/gradle/buildinit/tasks/internal/TaskConfiguration$1
instanceKlass org/gradle/api/tasks/diagnostics/internal/TaskReportModel
instanceKlass org/gradle/internal/graph/GraphRenderer
instanceKlass org/gradle/api/plugins/HelpTasksPlugin$Rules$1
instanceKlass org/gradle/api/tasks/diagnostics/BuildEnvironmentReportTask$1
instanceKlass org/gradle/api/tasks/diagnostics/internal/graph/NodeRenderer
instanceKlass org/gradle/api/tasks/diagnostics/internal/graph/nodes/RenderableDependency
instanceKlass org/gradle/api/tasks/diagnostics/internal/DependencyReportRenderer
instanceKlass org/gradle/api/internal/tasks/PublicTaskSpecification
instanceKlass org/gradle/plugins/ide/internal/tooling/ToolingModelBuilderSupport
instanceKlass org/gradle/tooling/internal/gradle/DefaultGradleScript
instanceKlass org/gradle/tooling/model/gradle/GradleScript
instanceKlass org/gradle/tooling/internal/gradle/DefaultGradleProject
instanceKlass java/lang/reflect/WeakCache$LookupValue
instanceKlass com/google/common/base/Objects
instanceKlass com/google/common/base/Optional
instanceKlass org/gradle/tooling/internal/adapter/ProtocolToModelAdapter$MethodInvocationCache$MethodInvocationKey
instanceKlass org/gradle/tooling/internal/adapter/MethodInvocation
instanceKlass org/gradle/tooling/internal/adapter/ProtocolToModelAdapter$AdaptingMethodInvoker
instanceKlass org/gradle/tooling/internal/adapter/ProtocolToModelAdapter$PropertyCachingMethodInvoker
instanceKlass org/gradle/tooling/internal/adapter/ProtocolToModelAdapter$SafeMethodInvoker
instanceKlass org/gradle/tooling/internal/adapter/ProtocolToModelAdapter$SupportedPropertyInvoker
instanceKlass org/gradle/tooling/internal/adapter/ProtocolToModelAdapter$ChainedMethodInvoker
instanceKlass org/gradle/tooling/internal/adapter/ProtocolToModelAdapter$BeanMixInMethodInvoker
instanceKlass org/gradle/tooling/internal/adapter/ProtocolToModelAdapter$InvocationHandlerImpl
instanceKlass org/gradle/tooling/internal/adapter/ProtocolToModelAdapter$ViewKey
instanceKlass org/gradle/tooling/model/ProjectIdentifier
instanceKlass org/gradle/tooling/model/BuildIdentifier
instanceKlass org/gradle/tooling/internal/adapter/ProtocolToModelAdapter$MixInMappingAction
instanceKlass org/gradle/tooling/model/DomainObjectSet
instanceKlass org/gradle/tooling/internal/consumer/converters/IncludedBuildsMixin
instanceKlass org/gradle/tooling/internal/consumer/converters/IdeaModuleDependencyTargetNameMixin
instanceKlass org/gradle/tooling/internal/consumer/converters/IdeaProjectJavaLanguageSettingsMixin
instanceKlass org/gradle/tooling/internal/consumer/converters/TaskDisplayNameMixin
instanceKlass org/gradle/tooling/model/GradleTask
instanceKlass org/gradle/tooling/model/Task
instanceKlass org/gradle/tooling/model/Launchable
instanceKlass org/gradle/tooling/internal/consumer/converters/FixedBuildIdentifierProvider
instanceKlass org/gradle/tooling/internal/consumer/converters/BasicGradleProjectIdentifierMixin
instanceKlass org/gradle/tooling/model/gradle/BasicGradleProject
instanceKlass org/gradle/tooling/internal/adapter/ProtocolToModelAdapter$TypeSpecificMappingAction
instanceKlass org/gradle/tooling/internal/consumer/converters/GradleProjectIdentifierMixin
instanceKlass org/gradle/tooling/internal/gradle/DefaultBuildIdentifier
instanceKlass org/gradle/tooling/internal/gradle/DefaultProjectIdentifier
instanceKlass org/gradle/tooling/internal/gradle/GradleProjectIdentity
instanceKlass org/gradle/tooling/internal/gradle/GradleBuildIdentity
instanceKlass org/gradle/tooling/internal/adapter/ProtocolToModelAdapter$DefaultViewBuilder
instanceKlass org/gradle/tooling/internal/provider/connection/ProviderBuildResult
instanceKlass org/gradle/tooling/internal/gradle/DefaultBuildIdentifier
instanceKlass org/gradle/tooling/internal/gradle/DefaultProjectIdentifier
instanceKlass org/gradle/tooling/internal/gradle/DefaultGradleBuild
instanceKlass org/gradle/tooling/internal/consumer/versioning/ModelMapping$DefaultModelIdentifier
instanceKlass org/gradle/tooling/model/gradle/BuildInvocations
instanceKlass org/gradle/tooling/internal/adapter/ProtocolToModelAdapter$2
instanceKlass org/gradle/tooling/internal/adapter/ProtocolToModelAdapter$ViewGraphDetails
instanceKlass org/gradle/tooling/model/gradle/ProjectPublications
instanceKlass org/gradle/tooling/model/gradle/GradleBuild
instanceKlass org/gradle/tooling/internal/protocol/InternalProjectOutcomes
instanceKlass org/gradle/tooling/model/internal/outcomes/ProjectOutcomes
instanceKlass org/gradle/tooling/internal/protocol/InternalBuildEnvironment
instanceKlass org/gradle/tooling/model/build/BuildEnvironment
instanceKlass org/gradle/tooling/model/BuildModel
instanceKlass org/gradle/tooling/internal/protocol/InternalBasicIdeaProject
instanceKlass org/gradle/tooling/model/idea/BasicIdeaProject
instanceKlass org/gradle/tooling/internal/protocol/InternalGradleProject
instanceKlass org/gradle/tooling/model/GradleProject
instanceKlass org/gradle/tooling/model/BuildableElement
instanceKlass org/gradle/tooling/internal/protocol/InternalIdeaProject
instanceKlass org/gradle/tooling/model/idea/IdeaProject
instanceKlass org/gradle/tooling/internal/protocol/eclipse/EclipseProjectVersion3
instanceKlass org/gradle/tooling/internal/protocol/ProjectVersion3
instanceKlass org/gradle/tooling/internal/protocol/BuildableProjectVersion1
instanceKlass org/gradle/tooling/model/eclipse/EclipseProject
instanceKlass org/gradle/tooling/internal/protocol/eclipse/HierarchicalEclipseProjectVersion1
instanceKlass org/gradle/tooling/internal/protocol/HierarchicalProjectVersion1
instanceKlass org/gradle/tooling/model/eclipse/HierarchicalEclipseProject
instanceKlass org/gradle/tooling/model/HasGradleProject
instanceKlass org/gradle/tooling/model/ProjectModel
instanceKlass org/gradle/tooling/model/HierarchicalElement
instanceKlass org/gradle/tooling/model/Element
instanceKlass com/google/common/collect/AbstractMapEntry
instanceKlass com/google/common/collect/Hashing
instanceKlass com/google/common/collect/CollectPreconditions
instanceKlass com/google/common/collect/BiMap
instanceKlass org/gradle/tooling/internal/consumer/versioning/ModelMapping
instanceKlass org/gradle/tooling/model/internal/outcomes/GradleFileBuildOutcome
instanceKlass org/gradle/tooling/model/internal/outcomes/GradleBuildOutcome
instanceKlass org/gradle/tooling/model/idea/IdeaModuleDependency
instanceKlass org/gradle/tooling/model/idea/IdeaSingleEntryLibraryDependency
instanceKlass org/gradle/tooling/model/ExternalDependency
instanceKlass org/gradle/tooling/model/idea/IdeaDependency
instanceKlass org/gradle/tooling/model/Dependency
instanceKlass org/gradle/tooling/internal/consumer/converters/ConsumerTargetTypeProvider
instanceKlass org/gradle/tooling/internal/adapter/CollectionMapper
instanceKlass org/gradle/tooling/internal/adapter/TypeInspector
instanceKlass org/gradle/internal/time/TrueTimeProvider
instanceKlass org/gradle/internal/time/TimeProvider
instanceKlass org/gradle/internal/time/Clock
instanceKlass org/gradle/internal/time/CountdownTimer
instanceKlass org/gradle/internal/time/Timer
instanceKlass org/gradle/internal/time/Timers
instanceKlass org/gradle/tooling/internal/adapter/ProtocolToModelAdapter$MethodInvocationCache
instanceKlass org/gradle/tooling/internal/adapter/ProtocolToModelAdapter$ReflectionMethodInvoker
instanceKlass org/gradle/tooling/internal/adapter/MethodInvoker
instanceKlass org/gradle/tooling/internal/adapter/ProtocolToModelAdapter$1
instanceKlass org/gradle/tooling/internal/adapter/ProtocolToModelAdapter$NoOpDecoration
instanceKlass org/gradle/tooling/internal/adapter/ProtocolToModelAdapter$ViewDecoration
instanceKlass org/gradle/tooling/internal/adapter/ViewBuilder
instanceKlass org/gradle/internal/typeconversion/NotationParser
instanceKlass org/gradle/internal/typeconversion/NotationConverter
instanceKlass org/gradle/tooling/internal/adapter/ProtocolToModelAdapter
